Step: build-step-credential-initializer:

{"level":"warn","ts":1549445172.448019,"logger":"fallback-logger","caller":"logging/config.go:65","msg":"Fetch GitHub commit ID from kodata failed: \"ref: refs/heads/test\" is not a valid GitHub commit ID"}
{"level":"info","ts":1549445172.4485233,"logger":"fallback-logger","caller":"creds-init/main.go:40","msg":"Credentials initialized."}
Step: build-step-git-source-0:

{"level":"warn","ts":1549445173.916504,"logger":"fallback-logger","caller":"logging/config.go:65","msg":"Fetch GitHub commit ID from kodata failed: \"ref: refs/heads/test\" is not a valid GitHub commit ID"}
{"level":"info","ts":1549445175.0077999,"logger":"fallback-logger","caller":"git-init/main.go:92","msg":"Successfully cloned \"https://github.com/tryggvil/golang-http4.git\" @ \"7033bc26a6c9aabc1ff96085a3d3076a3e51d2df\" in path \"/workspace\""}
Step: build-step-jenkins:

Picked up _JAVA_OPTIONS: -Xmx400m
Started
Running in Durability level: PERFORMANCE_OPTIMIZED
  13.478 [id=28]	WARNING	i.f.k.c.i.VersionUsageUtils#alert: The client is using resource type 'customresourcedefinitions' with unstable version 'v1beta1'
[Pipeline] node
Running on Jenkins in /tmp/jenkinsTests.tmp/jenkins8430469864062632978test/workspace/job
[Pipeline] {
[Pipeline] stage
[Pipeline] { (Declarative: Checkout SCM)
[Pipeline] checkout
[Pipeline] }
[Pipeline] // stage
[Pipeline] withCredentials
[Pipeline] {
[Pipeline] withEnv
[Pipeline] {
[Pipeline] stage
[Pipeline] { (CI Build and push snapshot)
[Pipeline] withEnv
[Pipeline] {
[Pipeline] dir
Running in /home/jenkins/go/src/github.com/tryggvil/golang-http4
[Pipeline] {
[Pipeline] checkout
[Pipeline] sh
+ make linux
CGO_ENABLED=0 GOOS=linux GOARCH=amd64 GO15VENDOREXPERIMENT=1 go build -ldflags '' -o bin/golang-http4 main.go
[Pipeline] sh
+ export VERSION=0.0.0-SNAPSHOT-PR-1-1
+ skaffold build -f skaffold.yaml
time="2019-02-06T09:26:45Z" level=warning msg="config version (skaffold/v1beta2) out of date: upgrading to latest (skaffold/v1beta3)"
Starting build...
Building [changeme]...
Sending build context to Docker daemon  525.8kBSending build context to Docker daemon  6.502MB
Step 1/4 : FROM scratch
 ---> 
Step 2/4 : EXPOSE 8080
 ---> Using cache
 ---> 7e9f6d88d964
Step 3/4 : ENTRYPOINT /golang-http4
 ---> Using cache
 ---> 878686f7f250
Step 4/4 : COPY ./bin/ /
 ---> abd4d7eb4c98
Successfully built abd4d7eb4c98
The push refers to a repository [413249463454.dkr.ecr.us-west-2.amazonaws.com/tryggvil/golang-http4]
204a60e06cf3: Preparing
204a60e06cf3: Pushed
0.0.0-SNAPSHOT-PR-1-1: digest: sha256:631399e76a3002cfab5a649d7870e10184272ee92774ebdc57390c51dc2232fa size: 528
Build complete in 10.22785969s
Starting test...
Test complete in 4.454µs
changeme -> 413249463454.dkr.ecr.us-west-2.amazonaws.com/tryggvil/golang-http4:0.0.0-SNAPSHOT-PR-1-1
There is a new version (0.22.0) of skaffold available. Download it at https://storage.googleapis.com/skaffold/releases/latest/skaffold-linux-amd64

[Pipeline] sh
+ jx step post build --image 413249463454.dkr.ecr.us-west-2.amazonaws.com/tryggvil/golang-http4:0.0.0-SNAPSHOT-PR-1-1
[Pipeline] }
[Pipeline] // dir
[Pipeline] dir
Running in /home/jenkins/go/src/github.com/tryggvil/golang-http4/charts/preview
[Pipeline] {
[Pipeline] sh
+ make preview
sed -i -e "s/version:.*/version: 0.0.0-SNAPSHOT-PR-1-1/" Chart.yaml
sed -i -e "s/version:.*/version: 0.0.0-SNAPSHOT-PR-1-1/" ../*/Chart.yaml
sed -i -e "s|repository:.*|repository: 413249463454.dkr.ecr.us-west-2.amazonaws.com\/tryggvil\/golang-http4|" values.yaml
sed -i -e "s/tag:.*/tag: 0.0.0-SNAPSHOT-PR-1-1/" values.yaml
echo "  version: 0.0.0-SNAPSHOT-PR-1-1" >> requirements.yaml
jx step helm build
No $CHART_REPOSITORY defined so using the default value of: http://jenkins-x-chartmuseum:8080
Adding missing Helm repo: jenkins-x http://chartmuseum.jenkins-x.io
Successfully added Helm repository jenkins-x.
Adding missing Helm repo: releases http://jenkins-x-chartmuseum:8080
Successfully added Helm repository releases.
[Pipeline] sh
+ jx preview --app golang-http4 --dir ../..
Creating a preview
Commit author email is empty for: 7033bc26a6c9aabc1ff96085a3d3076a3e51d2df
Looking for commits in: /home/jenkins/go/src/github.com/tryggvil/golang-http4/
Found commit author match for: tryggvil with email address: tryggvi.larusson@netapp.com
Created environment tryggvil-golang-http4-pr-1
Namespace jx-tryggvil-golang-http4-pr-1 created 
 expose:
  Annotations:
    helm.sh/hook: post-install,post-upgrade
    helm.sh/hook-delete-policy: hook-succeeded
  config:
    domain: jx.d.gq.is
    exposer: Ingress
    http: "true"
preview:
  image:
    repository: 413249463454.dkr.ecr.us-west-2.amazonaws.com/tryggvil/golang-http4
    tag: 0.0.0-SNAPSHOT-PR-1-1
Failed to update PipelineActivities tryggvil-golang-http4-pr-1-1: the namespace of the object (jx-tryggvil-golang-http4-pr-1) does not match the namespace on the request (jx)
Preview application is now available at: http://golang-http4.jx-tryggvil-golang-http4-pr-1.jx.d.gq.is

[Pipeline] }
[Pipeline] // dir
[Pipeline] }
[Pipeline] // withEnv
[Pipeline] }
[Pipeline] // stage
[Pipeline] stage
[Pipeline] { (Build Release)
Stage "Build Release" skipped due to when conditional
[Pipeline] }
[Pipeline] // stage
[Pipeline] stage
[Pipeline] { (Promote to Environments)
Stage "Promote to Environments" skipped due to when conditional
[Pipeline] }
[Pipeline] // stage
[Pipeline] }
[Pipeline] // withEnv
[Pipeline] }
[Pipeline] // withCredentials
[Pipeline] }
[Pipeline] // node
[Pipeline] End of Pipeline
Finished: SUCCESS
