Step: build-step-credential-initializer:

{"level":"warn","ts":1549445535.0139875,"logger":"fallback-logger","caller":"logging/config.go:65","msg":"Fetch GitHub commit ID from kodata failed: \"ref: refs/heads/test\" is not a valid GitHub commit ID"}
{"level":"info","ts":1549445535.0149689,"logger":"fallback-logger","caller":"creds-init/main.go:40","msg":"Credentials initialized."}
Step: build-step-git-source-0:

{"level":"warn","ts":1549445536.5289335,"logger":"fallback-logger","caller":"logging/config.go:65","msg":"Fetch GitHub commit ID from kodata failed: \"ref: refs/heads/test\" is not a valid GitHub commit ID"}
{"level":"info","ts":1549445537.6870444,"logger":"fallback-logger","caller":"git-init/main.go:92","msg":"Successfully cloned \"https://github.com/tryggvil/golang-http4.git\" @ \"99f894e8d67b99658064de0aa1174c8450d68629\" in path \"/workspace\""}
Step: build-step-jenkins:

Picked up _JAVA_OPTIONS: -Xmx400m
Started
Running in Durability level: PERFORMANCE_OPTIMIZED
  12.692 [id=47]	WARNING	i.f.k.c.i.VersionUsageUtils#alert: The client is using resource type 'customresourcedefinitions' with unstable version 'v1beta1'
[Pipeline] node
Running on Jenkins in /tmp/jenkinsTests.tmp/jenkins3029179563433162969test/workspace/job
[Pipeline] {
[Pipeline] stage
[Pipeline] { (Declarative: Checkout SCM)
[Pipeline] checkout
[Pipeline] }
[Pipeline] // stage
[Pipeline] withCredentials
[Pipeline] {
[Pipeline] withEnv
[Pipeline] {
[Pipeline] stage
[Pipeline] { (CI Build and push snapshot)
Stage "CI Build and push snapshot" skipped due to when conditional
[Pipeline] }
[Pipeline] // stage
[Pipeline] stage
[Pipeline] { (Build Release)
[Pipeline] dir
Running in /home/jenkins/go/src/github.com/tryggvil/golang-http4
[Pipeline] {
[Pipeline] git
Cloning the remote Git repository
Cloning repository https://github.com/tryggvil/golang-http4.git
 > git init /home/jenkins/go/src/github.com/tryggvil/golang-http4 # timeout=10
Fetching upstream changes from https://github.com/tryggvil/golang-http4.git
 > git --version # timeout=10
 > git fetch --tags --progress https://github.com/tryggvil/golang-http4.git +refs/heads/*:refs/remotes/origin/*
 > git config remote.origin.url https://github.com/tryggvil/golang-http4.git # timeout=10
 > git config --add remote.origin.fetch +refs/heads/*:refs/remotes/origin/* # timeout=10
 > git config remote.origin.url https://github.com/tryggvil/golang-http4.git # timeout=10
Fetching upstream changes from https://github.com/tryggvil/golang-http4.git
 > git fetch --tags --progress https://github.com/tryggvil/golang-http4.git +refs/heads/*:refs/remotes/origin/*
 > git rev-parse refs/remotes/origin/master^{commit} # timeout=10
 > git rev-parse refs/remotes/origin/origin/master^{commit} # timeout=10
Checking out Revision 99f894e8d67b99658064de0aa1174c8450d68629 (refs/remotes/origin/master)
 > git config core.sparsecheckout # timeout=10
 > git checkout -f 99f894e8d67b99658064de0aa1174c8450d68629
 > git branch -a -v --no-abbrev # timeout=10
 > git checkout -b master 99f894e8d67b99658064de0aa1174c8450d68629
Commit message: "Merge pull request #1 from tryggvil/test1"
First time build. Skipping changelog.
[Pipeline] sh
+ jx-release-version
+ echo 0.0.2
[Pipeline] sh
+ cat VERSION
+ jx step tag --version 0.0.2
Tag v0.0.2 created and pushed to remote origin
[Pipeline] sh
+ make build
CGO_ENABLED=0 GO15VENDOREXPERIMENT=1 go build -ldflags '' -o bin/golang-http4 main.go
[Pipeline] sh
+ cat VERSION
+ export VERSION=0.0.2
+ skaffold build -f skaffold.yaml
time="2019-02-06T09:32:52Z" level=warning msg="config version (skaffold/v1beta2) out of date: upgrading to latest (skaffold/v1beta3)"
Starting build...
Building [changeme]...
Sending build context to Docker daemon  525.8kBSending build context to Docker daemon  6.502MB
Step 1/4 : FROM scratch
 ---> 
Step 2/4 : EXPOSE 8080
 ---> Using cache
 ---> 7e9f6d88d964
Step 3/4 : ENTRYPOINT /golang-http4
 ---> Using cache
 ---> 878686f7f250
Step 4/4 : COPY ./bin/ /
 ---> Using cache
 ---> abd4d7eb4c98
Successfully built abd4d7eb4c98
The push refers to a repository [413249463454.dkr.ecr.us-west-2.amazonaws.com/tryggvil/golang-http4]
204a60e06cf3: Preparing
204a60e06cf3: Layer already exists
0.0.2: digest: sha256:631399e76a3002cfab5a649d7870e10184272ee92774ebdc57390c51dc2232fa size: 528
Build complete in 3.572780465s
Starting test...
Test complete in 4.511µs
changeme -> 413249463454.dkr.ecr.us-west-2.amazonaws.com/tryggvil/golang-http4:0.0.2
There is a new version (0.22.0) of skaffold available. Download it at https://storage.googleapis.com/skaffold/releases/latest/skaffold-linux-amd64

[Pipeline] sh
+ cat VERSION
+ jx step post build --image 413249463454.dkr.ecr.us-west-2.amazonaws.com/tryggvil/golang-http4:0.0.2
[Pipeline] }
[Pipeline] // dir
[Pipeline] }
[Pipeline] // stage
[Pipeline] stage
[Pipeline] { (Promote to Environments)
[Pipeline] dir
Running in /home/jenkins/go/src/github.com/tryggvil/golang-http4/charts/golang-http4
[Pipeline] {
[Pipeline] sh
+ cat ../../VERSION
+ jx step changelog --version v0.0.2
Using batch mode as inside a pipeline
Generating change log from git ref 99f894e8d67b99658064de0aa1174c8450d68629 => b80e3a878ff4a7b3e8cc8e29d9a9175212dc4ff5
Failed to enrich commits with issues: User.jenkins.io "" is invalid: metadata.name: Required value: name or generateName is required
Failed to enrich commits with issues: User.jenkins.io "" is invalid: metadata.name: Required value: name or generateName is required
Finding issues in commit messages using git format
No release found for tryggvil/golang-http4 and tag v0.0.2 so creating a new release
Updated the release information at https://github.com/tryggvil/golang-http4/releases/tag/v0.0.2
generated: /home/jenkins/go/src/github.com/tryggvil/golang-http4/charts/golang-http4/templates/release.yaml
Created Release golang-http4-0-0-2 resource in namespace jx
Updating PipelineActivity tryggvil-golang-http4-master-2 with version 0.0.2
Updated PipelineActivities tryggvil-golang-http4-master-2 with release notes URL: https://github.com/tryggvil/golang-http4/releases/tag/v0.0.2
[Pipeline] sh
+ jx step helm release
No $CHART_REPOSITORY defined so using the default value of: http://jenkins-x-chartmuseum:8080
Adding missing Helm repo: jenkins-x http://chartmuseum.jenkins-x.io
Successfully added Helm repository jenkins-x.
Adding missing Helm repo: releases http://jenkins-x-chartmuseum:8080
Successfully added Helm repository releases.
No $CHART_REPOSITORY defined so using the default value of: http://jenkins-x-chartmuseum:8080
Uploading chart file golang-http4-0.0.2.tgz to http://jenkins-x-chartmuseum:8080/api/charts
Received 201 response: {"saved":true}
[Pipeline] sh
+ cat ../../VERSION
+ jx promote -b --all-auto --timeout 1h --version 0.0.2
prow based install so skip waiting for the merge of Pull Requests to go green as currently there is an issue with gettingstatuses from the PR, see https://github.com/jenkins-x/jx/issues/2410
Promoting app golang-http4 version 0.0.2 to namespace jx-staging
Created Pull Request: https://github.com/tryggvil/environment-footround-staging/pull/2

Pull Request https://github.com/tryggvil/environment-footround-staging/pull/2 is merged at sha 23b3e64c96cc2c5346b06cc13edd7230c5a9b207
Pull Request merged but we are not waiting for the update pipeline to complete!
[Pipeline] }
[Pipeline] // dir
[Pipeline] }
[Pipeline] // stage
[Pipeline] }
[Pipeline] // withEnv
[Pipeline] }
[Pipeline] // withCredentials
[Pipeline] }
[Pipeline] // node
[Pipeline] End of Pipeline
Finished: SUCCESS
